<?xml version="1.0" encoding="UTF-8" ?>
<testsuite failures="0" time="0.948" errors="0" skipped="43" tests="80" name="com.alibaba.dubbo.common.serialize.serialization.FastJsonSerializationTest">
  <properties>
[...]
</properties>
  <testcase time="0.007" classname="com.alibaba.dubbo.common.serialize.serialization.FastJsonSerializationTest" name="test_Person">
    <skipped message="person type missing"/>
  </testcase>
  <testcase time="0.007" classname="com.alibaba.dubbo.common.serialize.serialization.FastJsonSerializationTest" name="test_PersonList">
    <skipped message="person type missing"/>
  </testcase>
  <testcase time="0.007" classname="com.alibaba.dubbo.common.serialize.serialization.FastJsonSerializationTest" name="test_PersonSet">
    <skipped message="person type missing"/>
  </testcase>
  <testcase time="0.007" classname="com.alibaba.dubbo.common.serialize.serialization.FastJsonSerializationTest" name="test_IntPersonMap">
    <skipped message="FastJson bug: com.alibaba.fastjson.JSONException: illegal identifier : 1"/>
  </testcase>
  <testcase time="0.007" classname="com.alibaba.dubbo.common.serialize.serialization.FastJsonSerializationTest" name="test_StringPersonMap">
    <skipped message="person type missing"/>
  </testcase>
  <testcase time="0.007" classname="com.alibaba.dubbo.common.serialize.serialization.FastJsonSerializationTest" name="test_StringPersonListMap">
    <skipped message="person type missing"/>
  </testcase>
  <testcase time="0.007" classname="com.alibaba.dubbo.common.serialize.serialization.FastJsonSerializationTest" name="test_PersonListList">
    <skipped message="person type missing"/>
  </testcase>
  <testcase time="0.007" classname="com.alibaba.dubbo.common.serialize.serialization.FastJsonSerializationTest" name="test_BytesRange">
    <skipped/>
  </testcase>
  <testcase time="0.007" classname="com.alibaba.dubbo.common.serialize.serialization.FastJsonSerializationTest" name="test_boolArray">
    <skipped message="bool[] type missing to JSONArray"/>
  </testcase>
  <testcase time="0.008" classname="com.alibaba.dubbo.common.serialize.serialization.FastJsonSerializationTest" name="test_charArray">
    <skipped message="FastJson bug: com.alibaba.fastjson.JSONException: create asm serilizer error, class char"/>
  </testcase>
  <testcase time="0.008" classname="com.alibaba.dubbo.common.serialize.serialization.FastJsonSerializationTest" name="test_charArray_withType">
    <skipped message="FastJson bug: com.alibaba.fastjson.JSONException: create asm serilizer error, class char"/>
  </testcase>
  <testcase time="0.008" classname="com.alibaba.dubbo.common.serialize.serialization.FastJsonSerializationTest" name="test_shortArray">
    <skipped message="short[] type missing to JSONArray"/>
  </testcase>
  <testcase time="0.008" classname="com.alibaba.dubbo.common.serialize.serialization.FastJsonSerializationTest" name="test_intArray">
    <skipped message="int[] type missing to JSONArray"/>
  </testcase>
  <testcase time="0.008" classname="com.alibaba.dubbo.common.serialize.serialization.FastJsonSerializationTest" name="test_longArray">
    <skipped message="long[] type missing to JSONArray"/>
  </testcase>
  <testcase time="0.008" classname="com.alibaba.dubbo.common.serialize.serialization.FastJsonSerializationTest" name="test_floatArray">
    <skipped message="float[] type missing to JSONArray"/>
  </testcase>
  <testcase time="0.008" classname="com.alibaba.dubbo.common.serialize.serialization.FastJsonSerializationTest" name="test_doubleArray">
    <skipped message="double[] type missing to JSONArray"/>
  </testcase>
  <testcase time="0.009" classname="com.alibaba.dubbo.common.serialize.serialization.FastJsonSerializationTest" name="test_StringArray">
    <skipped message="String[] type missing to JSONArray"/>
  </testcase>
  <testcase time="0.009" classname="com.alibaba.dubbo.common.serialize.serialization.FastJsonSerializationTest" name="test_IntegerArray">
    <skipped message="Integer[] type missing to JSONArray"/>
  </testcase>
  <testcase time="0.009" classname="com.alibaba.dubbo.common.serialize.serialization.FastJsonSerializationTest" name="test_EnumArray">
    <skipped message="Integer[] type missing to JSONArray"/>
  </testcase>
  <testcase time="0.009" classname="com.alibaba.dubbo.common.serialize.serialization.FastJsonSerializationTest" name="test_SPerson">
    <skipped message="SPerson type missing"/>
  </testcase>
  <testcase time="0.009" classname="com.alibaba.dubbo.common.serialize.serialization.FastJsonSerializationTest" name="test_BizException">
    <skipped message="BizException type missing to Map"/>
  </testcase>
  <testcase time="0.009" classname="com.alibaba.dubbo.common.serialize.serialization.FastJsonSerializationTest" name="test_BizExceptionNoDefaultConstructor">
    <skipped message="BizExceptionNoDefaultConstructor type missing to Map"/>
  </testcase>
  <testcase time="0.009" classname="com.alibaba.dubbo.common.serialize.serialization.FastJsonSerializationTest" name="test_BizExceptionNoDefaultConstructor_WithType">
    <skipped message="NoDefaultConstructor"/>
  </testcase>
  <testcase time="0.009" classname="com.alibaba.dubbo.common.serialize.serialization.FastJsonSerializationTest" name="test_enum">
    <skipped message="Enum type missing to String"/>
  </testcase>
  <testcase time="0.009" classname="com.alibaba.dubbo.common.serialize.serialization.FastJsonSerializationTest" name="test_Date">
    <skipped message="type mising to Long"/>
  </testcase>
  <testcase time="0.009" classname="com.alibaba.dubbo.common.serialize.serialization.FastJsonSerializationTest" name="test_Time">
    <skipped message="type mising to Long"/>
  </testcase>
  <testcase time="0.009" classname="com.alibaba.dubbo.common.serialize.serialization.FastJsonSerializationTest" name="test_Time_withType">
    <skipped message="com.alibaba.fastjson.JSONException: create asm deserializer error, java.sql.Time"/>
  </testcase>
  <testcase time="0.009" classname="com.alibaba.dubbo.common.serialize.serialization.FastJsonSerializationTest" name="test_ByteWrap">
    <skipped message="type mising to Integer"/>
  </testcase>
  <testcase time="0.009" classname="com.alibaba.dubbo.common.serialize.serialization.FastJsonSerializationTest" name="test_LongWrap">
    <skipped message="type mising to Integer"/>
  </testcase>
  <testcase time="0.01" classname="com.alibaba.dubbo.common.serialize.serialization.FastJsonSerializationTest" name="test_BigInteger">
    <skipped message="type mising to Long"/>
  </testcase>
  <testcase time="0.01" classname="com.alibaba.dubbo.common.serialize.serialization.FastJsonSerializationTest" name="test_StringSet">
    <skipped message="String set missing to JSONArray"/>
  </testcase>
  <testcase time="0.01" classname="com.alibaba.dubbo.common.serialize.serialization.FastJsonSerializationTest" name="test_LinkedHashMap">
    <skipped message="LinkedHashMap type missing to Map"/>
  </testcase>
  <testcase time="0.01" classname="com.alibaba.dubbo.common.serialize.serialization.FastJsonSerializationTest" name="test_SPersonList">
    <skipped message="person type missing"/>
  </testcase>
  <testcase time="0.01" classname="com.alibaba.dubbo.common.serialize.serialization.FastJsonSerializationTest" name="test_SPersonSet">
    <skipped message="person type missing"/>
  </testcase>
  <testcase time="0.01" classname="com.alibaba.dubbo.common.serialize.serialization.FastJsonSerializationTest" name="test_IntSPersonMap">
    <skipped message="FastJson bug: com.alibaba.fastjson.JSONException: illegal identifier : 1"/>
  </testcase>
  <testcase time="0.01" classname="com.alibaba.dubbo.common.serialize.serialization.FastJsonSerializationTest" name="test_StringSPersonMap">
    <skipped message="person type missing"/>
  </testcase>
  <testcase time="0.01" classname="com.alibaba.dubbo.common.serialize.serialization.FastJsonSerializationTest" name="test_StringSPersonListMap">
    <skipped message="person type missing"/>
  </testcase>
  <testcase time="0.01" classname="com.alibaba.dubbo.common.serialize.serialization.FastJsonSerializationTest" name="test_SPersonListList">
    <skipped message="person type missing"/>
  </testcase>
  <testcase time="0.01" classname="com.alibaba.dubbo.common.serialize.serialization.FastJsonSerializationTest" name="test_BigPerson">
    <skipped message="BigPerson type missing"/>
  </testcase>
  <testcase time="0.01" classname="com.alibaba.dubbo.common.serialize.serialization.FastJsonSerializationTest" name="test_MediaContent">
    <skipped message="MediaContent type missing"/>
  </testcase>
  <testcase time="0.01" classname="com.alibaba.dubbo.common.serialize.serialization.FastJsonSerializationTest" name="test_MultiObject">
    <skipped message="type missing"/>
  </testcase>
  <testcase time="0.439" classname="com.alibaba.dubbo.common.serialize.serialization.FastJsonSerializationTest" name="test_MediaContent_badStream"/>
  <testcase time="0.014" classname="com.alibaba.dubbo.common.serialize.serialization.FastJsonSerializationTest" name="test_MediaContent_WithType_badStream"/>
  <testcase time="0.014" classname="com.alibaba.dubbo.common.serialize.serialization.FastJsonSerializationTest" name="test_LoopReference">
    <skipped/>
  </testcase>
  <testcase time="0.014" classname="com.alibaba.dubbo.common.serialize.serialization.FastJsonSerializationTest" name="test_URL_mutable_withType">
    <skipped/>
  </testcase>
  <testcase time="0.008" classname="com.alibaba.dubbo.common.serialize.serialization.FastJsonSerializationTest" name="test_Person_withType"/>
  <testcase time="0" classname="com.alibaba.dubbo.common.serialize.serialization.FastJsonSerializationTest" name="test_Bool"/>
  <testcase time="0.002" classname="com.alibaba.dubbo.common.serialize.serialization.FastJsonSerializationTest" name="test_Bool_Multi"/>
  <testcase time="0" classname="com.alibaba.dubbo.common.serialize.serialization.FastJsonSerializationTest" name="test_Byte"/>
  <testcase time="0.003" classname="com.alibaba.dubbo.common.serialize.serialization.FastJsonSerializationTest" name="test_Byte_Multi"/>
  <testcase time="0" classname="com.alibaba.dubbo.common.serialize.serialization.FastJsonSerializationTest" name="test_Short"/>
  <testcase time="0" classname="com.alibaba.dubbo.common.serialize.serialization.FastJsonSerializationTest" name="test_Integer"/>
  <testcase time="0" classname="com.alibaba.dubbo.common.serialize.serialization.FastJsonSerializationTest" name="test_Long"/>
  <testcase time="0" classname="com.alibaba.dubbo.common.serialize.serialization.FastJsonSerializationTest" name="test_Float"/>
  <testcase time="0" classname="com.alibaba.dubbo.common.serialize.serialization.FastJsonSerializationTest" name="test_Double"/>
  <testcase time="0" classname="com.alibaba.dubbo.common.serialize.serialization.FastJsonSerializationTest" name="test_UtfString"/>
  <testcase time="0" classname="com.alibaba.dubbo.common.serialize.serialization.FastJsonSerializationTest" name="test_Bytes"/>
  <testcase time="0" classname="com.alibaba.dubbo.common.serialize.serialization.FastJsonSerializationTest" name="test_boolArray_withType"/>
  <testcase time="0.001" classname="com.alibaba.dubbo.common.serialize.serialization.FastJsonSerializationTest" name="test_shortArray_withType"/>
  <testcase time="0.001" classname="com.alibaba.dubbo.common.serialize.serialization.FastJsonSerializationTest" name="test_intArray_withType"/>
  <testcase time="0" classname="com.alibaba.dubbo.common.serialize.serialization.FastJsonSerializationTest" name="test_longArray_withType"/>
  <testcase time="0.001" classname="com.alibaba.dubbo.common.serialize.serialization.FastJsonSerializationTest" name="test_floatArray_withType"/>
  <testcase time="0" classname="com.alibaba.dubbo.common.serialize.serialization.FastJsonSerializationTest" name="test_doubleArray_withType"/>
  <testcase time="0.001" classname="com.alibaba.dubbo.common.serialize.serialization.FastJsonSerializationTest" name="test_StringArray_withType"/>
  <testcase time="0" classname="com.alibaba.dubbo.common.serialize.serialization.FastJsonSerializationTest" name="test_IntegerArray_withType"/>
  <testcase time="0.002" classname="com.alibaba.dubbo.common.serialize.serialization.FastJsonSerializationTest" name="test_EnumArray_withType"/>
  <testcase time="0.008" classname="com.alibaba.dubbo.common.serialize.serialization.FastJsonSerializationTest" name="test_SPerson_withType"/>
  <testcase time="0.019" classname="com.alibaba.dubbo.common.serialize.serialization.FastJsonSerializationTest" name="test_BizException_WithType"/>
  <testcase time="0" classname="com.alibaba.dubbo.common.serialize.serialization.FastJsonSerializationTest" name="test_enum_withType"/>
  <testcase time="0" classname="com.alibaba.dubbo.common.serialize.serialization.FastJsonSerializationTest" name="test_Date_withType"/>
  <testcase time="0" classname="com.alibaba.dubbo.common.serialize.serialization.FastJsonSerializationTest" name="test_ByteWrap_withType"/>
  <testcase time="0" classname="com.alibaba.dubbo.common.serialize.serialization.FastJsonSerializationTest" name="test_LongWrap_withType"/>
  <testcase time="0" classname="com.alibaba.dubbo.common.serialize.serialization.FastJsonSerializationTest" name="test_BigInteger_withType"/>
  <testcase time="0.001" classname="com.alibaba.dubbo.common.serialize.serialization.FastJsonSerializationTest" name="test_BigDecimal"/>
  <testcase time="0.001" classname="com.alibaba.dubbo.common.serialize.serialization.FastJsonSerializationTest" name="test_BigDecimal_withType"/>
  <testcase time="0.002" classname="com.alibaba.dubbo.common.serialize.serialization.FastJsonSerializationTest" name="test_StringList_asListReturn"/>
  <testcase time="0" classname="com.alibaba.dubbo.common.serialize.serialization.FastJsonSerializationTest" name="test_StringArrayList"/>
  <testcase time="0.046" classname="com.alibaba.dubbo.common.serialize.serialization.FastJsonSerializationTest" name="test_BigPerson_WithType"/>
  <testcase time="0.015" classname="com.alibaba.dubbo.common.serialize.serialization.FastJsonSerializationTest" name="test_MediaContent_WithType"/>
  <testcase time="0" classname="com.alibaba.dubbo.common.serialize.serialization.FastJsonSerializationTest" name="test_MultiObject_WithType"/>
</testsuite>