<?xml version="1.0" encoding="UTF-8" ?>
<testsuite failures="0" time="0.125" errors="0" skipped="0" tests="9" name="com.alibaba.dubbo.rpc.cluster.router.condition.ConditionRouterTest">
  <properties>
[...]
</properties>
  <testcase time="0.113" classname="com.alibaba.dubbo.rpc.cluster.router.condition.ConditionRouterTest" name="testRoute_ReturnFalse"/>
  <testcase time="0" classname="com.alibaba.dubbo.rpc.cluster.router.condition.ConditionRouterTest" name="testRoute_ReturnEmpty"/>
  <testcase time="0.012" classname="com.alibaba.dubbo.rpc.cluster.router.condition.ConditionRouterTest" name="testRoute_ReturnAll"/>
  <testcase time="0" classname="com.alibaba.dubbo.rpc.cluster.router.condition.ConditionRouterTest" name="testRoute_HostFilter"/>
  <testcase time="0" classname="com.alibaba.dubbo.rpc.cluster.router.condition.ConditionRouterTest" name="testRoute_Empty_HostFilter"/>
  <testcase time="0" classname="com.alibaba.dubbo.rpc.cluster.router.condition.ConditionRouterTest" name="testRoute_False_HostFilter"/>
  <testcase time="0" classname="com.alibaba.dubbo.rpc.cluster.router.condition.ConditionRouterTest" name="testRoute_Placeholder"/>
  <testcase time="0" classname="com.alibaba.dubbo.rpc.cluster.router.condition.ConditionRouterTest" name="testRoute_NoForce"/>
  <testcase time="0" classname="com.alibaba.dubbo.rpc.cluster.router.condition.ConditionRouterTest" name="testRoute_Force"/>
</testsuite>