<?xml version="1.0" encoding="UTF-8" ?>
<testsuite failures="0" time="7.626" errors="0" skipped="0" tests="37" name="com.alibaba.dubbo.config.spring.ConfigTest">
  <properties>
[...]
</properties>
  <testcase time="0.905" classname="com.alibaba.dubbo.config.spring.ConfigTest" name="testSpringExtensionInject"/>
  <testcase time="0.216" classname="com.alibaba.dubbo.config.spring.ConfigTest" name="testServiceClass"/>
  <testcase time="0.1" classname="com.alibaba.dubbo.config.spring.ConfigTest" name="testProviderNestedService"/>
  <testcase time="0" classname="com.alibaba.dubbo.config.spring.ConfigTest" name="testToString"/>
  <testcase time="0.059" classname="com.alibaba.dubbo.config.spring.ConfigTest" name="testMultiProtocol"/>
  <testcase time="1.198" classname="com.alibaba.dubbo.config.spring.ConfigTest" name="testMultiProtocolDefault"/>
  <testcase time="0.042" classname="com.alibaba.dubbo.config.spring.ConfigTest" name="testMultiProtocolError"/>
  <testcase time="1.173" classname="com.alibaba.dubbo.config.spring.ConfigTest" name="testMultiProtocolRegister"/>
  <testcase time="0.063" classname="com.alibaba.dubbo.config.spring.ConfigTest" name="testMultiRegistry"/>
  <testcase time="0.402" classname="com.alibaba.dubbo.config.spring.ConfigTest" name="testDelayFixedTime"/>
  <testcase time="0.051" classname="com.alibaba.dubbo.config.spring.ConfigTest" name="testDelayOnInitialized"/>
  <testcase time="0.001" classname="com.alibaba.dubbo.config.spring.ConfigTest" name="testRmiTimeout"/>
  <testcase time="0.239" classname="com.alibaba.dubbo.config.spring.ConfigTest" name="testAutowireAndAOP"/>
  <testcase time="0.017" classname="com.alibaba.dubbo.config.spring.ConfigTest" name="testAppendFilter"/>
  <testcase time="0.051" classname="com.alibaba.dubbo.config.spring.ConfigTest" name="testInitReference"/>
  <testcase time="0.031" classname="com.alibaba.dubbo.config.spring.ConfigTest" name="test_noMethodInterface_methodsKeyHasValue"/>
  <testcase time="0.39" classname="com.alibaba.dubbo.config.spring.ConfigTest" name="test_RpcContext_getUrls"/>
  <testcase time="0.177" classname="com.alibaba.dubbo.config.spring.ConfigTest" name="test_retrySettingFail"/>
  <testcase time="0.053" classname="com.alibaba.dubbo.config.spring.ConfigTest" name="test_returnSerializationFail"/>
  <testcase time="0.022" classname="com.alibaba.dubbo.config.spring.ConfigTest" name="testXmlOverrideProperties"/>
  <testcase time="0.013" classname="com.alibaba.dubbo.config.spring.ConfigTest" name="testApiOverrideProperties"/>
  <testcase time="0.027" classname="com.alibaba.dubbo.config.spring.ConfigTest" name="testSystemPropertyOverrideProtocol"/>
  <testcase time="1.028" classname="com.alibaba.dubbo.config.spring.ConfigTest" name="testSystemPropertyOverrideMultiProtocol"/>
  <testcase time="0.041" classname="com.alibaba.dubbo.config.spring.ConfigTest" name="testSystemPropertyOverrideXmlDefault"/>
  <testcase time="0.022" classname="com.alibaba.dubbo.config.spring.ConfigTest" name="testSystemPropertyOverrideXml"/>
  <testcase time="0.008" classname="com.alibaba.dubbo.config.spring.ConfigTest" name="testSystemPropertyOverrideReferenceConfig"/>
  <testcase time="0.008" classname="com.alibaba.dubbo.config.spring.ConfigTest" name="testSystemPropertyOverrideApiDefault"/>
  <testcase time="0.007" classname="com.alibaba.dubbo.config.spring.ConfigTest" name="testSystemPropertyOverrideApi"/>
  <testcase time="1.01" classname="com.alibaba.dubbo.config.spring.ConfigTest" name="testSystemPropertyOverrideProperties"/>
  <testcase time="0.033" classname="com.alibaba.dubbo.config.spring.ConfigTest" name="testCustomizeParameter"/>
  <testcase time="0" classname="com.alibaba.dubbo.config.spring.ConfigTest" name="testPath"/>
  <testcase time="0.176" classname="com.alibaba.dubbo.config.spring.ConfigTest" name="testAnnotation"/>
  <testcase time="0.007" classname="com.alibaba.dubbo.config.spring.ConfigTest" name="testDubboProtocolPortOverride"/>
  <testcase time="0.012" classname="com.alibaba.dubbo.config.spring.ConfigTest" name="testProtocolRandomPort"/>
  <testcase time="0.017" classname="com.alibaba.dubbo.config.spring.ConfigTest" name="testReferGenericExport"/>
  <testcase time="0.002" classname="com.alibaba.dubbo.config.spring.ConfigTest" name="testGenericServiceConfig"/>
  <testcase time="0.025" classname="com.alibaba.dubbo.config.spring.ConfigTest" name="testGenericServiceConfigThroughSpring"/>
</testsuite>