<?xml version="1.0" encoding="UTF-8" ?>
<testsuite failures="0" time="0.009" errors="0" skipped="0" tests="49" name="com.alibaba.dubbo.remoting.buffer.HeapChannelBufferTest">
  <properties>
[...]
</properties>
  <testcase time="0" classname="com.alibaba.dubbo.remoting.buffer.HeapChannelBufferTest" name="initialState"/>
  <testcase time="0" classname="com.alibaba.dubbo.remoting.buffer.HeapChannelBufferTest" name="readerIndexBoundaryCheck1"/>
  <testcase time="0" classname="com.alibaba.dubbo.remoting.buffer.HeapChannelBufferTest" name="readerIndexBoundaryCheck2"/>
  <testcase time="0" classname="com.alibaba.dubbo.remoting.buffer.HeapChannelBufferTest" name="readerIndexBoundaryCheck3"/>
  <testcase time="0" classname="com.alibaba.dubbo.remoting.buffer.HeapChannelBufferTest" name="readerIndexBoundaryCheck4"/>
  <testcase time="0" classname="com.alibaba.dubbo.remoting.buffer.HeapChannelBufferTest" name="writerIndexBoundaryCheck1"/>
  <testcase time="0" classname="com.alibaba.dubbo.remoting.buffer.HeapChannelBufferTest" name="writerIndexBoundaryCheck2"/>
  <testcase time="0" classname="com.alibaba.dubbo.remoting.buffer.HeapChannelBufferTest" name="writerIndexBoundaryCheck3"/>
  <testcase time="0" classname="com.alibaba.dubbo.remoting.buffer.HeapChannelBufferTest" name="writerIndexBoundaryCheck4"/>
  <testcase time="0" classname="com.alibaba.dubbo.remoting.buffer.HeapChannelBufferTest" name="getByteBoundaryCheck1"/>
  <testcase time="0" classname="com.alibaba.dubbo.remoting.buffer.HeapChannelBufferTest" name="getByteBoundaryCheck2"/>
  <testcase time="0" classname="com.alibaba.dubbo.remoting.buffer.HeapChannelBufferTest" name="getByteArrayBoundaryCheck1"/>
  <testcase time="0" classname="com.alibaba.dubbo.remoting.buffer.HeapChannelBufferTest" name="getByteArrayBoundaryCheck2"/>
  <testcase time="0" classname="com.alibaba.dubbo.remoting.buffer.HeapChannelBufferTest" name="getByteBufferBoundaryCheck"/>
  <testcase time="0" classname="com.alibaba.dubbo.remoting.buffer.HeapChannelBufferTest" name="copyBoundaryCheck1"/>
  <testcase time="0" classname="com.alibaba.dubbo.remoting.buffer.HeapChannelBufferTest" name="copyBoundaryCheck2"/>
  <testcase time="0" classname="com.alibaba.dubbo.remoting.buffer.HeapChannelBufferTest" name="copyBoundaryCheck3"/>
  <testcase time="0" classname="com.alibaba.dubbo.remoting.buffer.HeapChannelBufferTest" name="copyBoundaryCheck4"/>
  <testcase time="0" classname="com.alibaba.dubbo.remoting.buffer.HeapChannelBufferTest" name="setIndexBoundaryCheck1"/>
  <testcase time="0" classname="com.alibaba.dubbo.remoting.buffer.HeapChannelBufferTest" name="setIndexBoundaryCheck2"/>
  <testcase time="0" classname="com.alibaba.dubbo.remoting.buffer.HeapChannelBufferTest" name="setIndexBoundaryCheck3"/>
  <testcase time="0" classname="com.alibaba.dubbo.remoting.buffer.HeapChannelBufferTest" name="getByteBufferState"/>
  <testcase time="0" classname="com.alibaba.dubbo.remoting.buffer.HeapChannelBufferTest" name="getDirectByteBufferBoundaryCheck"/>
  <testcase time="0" classname="com.alibaba.dubbo.remoting.buffer.HeapChannelBufferTest" name="getDirectByteBufferState"/>
  <testcase time="0" classname="com.alibaba.dubbo.remoting.buffer.HeapChannelBufferTest" name="testRandomByteAccess"/>
  <testcase time="0" classname="com.alibaba.dubbo.remoting.buffer.HeapChannelBufferTest" name="testSequentialByteAccess"/>
  <testcase time="0" classname="com.alibaba.dubbo.remoting.buffer.HeapChannelBufferTest" name="testByteArrayTransfer"/>
  <testcase time="0" classname="com.alibaba.dubbo.remoting.buffer.HeapChannelBufferTest" name="testRandomByteArrayTransfer1"/>
  <testcase time="0" classname="com.alibaba.dubbo.remoting.buffer.HeapChannelBufferTest" name="testRandomByteArrayTransfer2"/>
  <testcase time="0" classname="com.alibaba.dubbo.remoting.buffer.HeapChannelBufferTest" name="testRandomHeapBufferTransfer1"/>
  <testcase time="0" classname="com.alibaba.dubbo.remoting.buffer.HeapChannelBufferTest" name="testRandomHeapBufferTransfer2"/>
  <testcase time="0" classname="com.alibaba.dubbo.remoting.buffer.HeapChannelBufferTest" name="testRandomDirectBufferTransfer"/>
  <testcase time="0.001" classname="com.alibaba.dubbo.remoting.buffer.HeapChannelBufferTest" name="testRandomByteBufferTransfer"/>
  <testcase time="0.001" classname="com.alibaba.dubbo.remoting.buffer.HeapChannelBufferTest" name="testSequentialByteArrayTransfer1"/>
  <testcase time="0" classname="com.alibaba.dubbo.remoting.buffer.HeapChannelBufferTest" name="testSequentialByteArrayTransfer2"/>
  <testcase time="0.001" classname="com.alibaba.dubbo.remoting.buffer.HeapChannelBufferTest" name="testSequentialHeapBufferTransfer1"/>
  <testcase time="0.001" classname="com.alibaba.dubbo.remoting.buffer.HeapChannelBufferTest" name="testSequentialHeapBufferTransfer2"/>
  <testcase time="0" classname="com.alibaba.dubbo.remoting.buffer.HeapChannelBufferTest" name="testSequentialDirectBufferTransfer1"/>
  <testcase time="0.001" classname="com.alibaba.dubbo.remoting.buffer.HeapChannelBufferTest" name="testSequentialDirectBufferTransfer2"/>
  <testcase time="0.001" classname="com.alibaba.dubbo.remoting.buffer.HeapChannelBufferTest" name="testSequentialByteBufferBackedHeapBufferTransfer1"/>
  <testcase time="0" classname="com.alibaba.dubbo.remoting.buffer.HeapChannelBufferTest" name="testSequentialByteBufferBackedHeapBufferTransfer2"/>
  <testcase time="0.001" classname="com.alibaba.dubbo.remoting.buffer.HeapChannelBufferTest" name="testSequentialByteBufferTransfer"/>
  <testcase time="0" classname="com.alibaba.dubbo.remoting.buffer.HeapChannelBufferTest" name="testSequentialCopiedBufferTransfer1"/>
  <testcase time="0" classname="com.alibaba.dubbo.remoting.buffer.HeapChannelBufferTest" name="testStreamTransfer1"/>
  <testcase time="0.001" classname="com.alibaba.dubbo.remoting.buffer.HeapChannelBufferTest" name="testStreamTransfer2"/>
  <testcase time="0" classname="com.alibaba.dubbo.remoting.buffer.HeapChannelBufferTest" name="testCopy"/>
  <testcase time="0" classname="com.alibaba.dubbo.remoting.buffer.HeapChannelBufferTest" name="testToByteBuffer1"/>
  <testcase time="0.001" classname="com.alibaba.dubbo.remoting.buffer.HeapChannelBufferTest" name="testToByteBuffer2"/>
  <testcase time="0" classname="com.alibaba.dubbo.remoting.buffer.HeapChannelBufferTest" name="testSkipBytes1"/>
</testsuite>